Determining if the pthread_create exist failed with the following output:
Change Dir: /home/jinjing/catkin_ws/src/ORB_SLAM2/Examples/ROS/ORB_SLAM2/build/CMakeFiles/CMakeTmp

Run Build Command:"/usr/bin/make" "cmTC_dbfcc/fast"
/usr/bin/make -f CMakeFiles/cmTC_dbfcc.dir/build.make CMakeFiles/cmTC_dbfcc.dir/build
make[1]: Entering directory '/home/jinjing/catkin_ws/src/ORB_SLAM2/Examples/ROS/ORB_SLAM2/build/CMakeFiles/CMakeTmp'
Building C object CMakeFiles/cmTC_dbfcc.dir/CheckSymbolExists.c.o
/usr/bin/cc    -o CMakeFiles/cmTC_dbfcc.dir/CheckSymbolExists.c.o   -c /home/jinjing/catkin_ws/src/ORB_SLAM2/Examples/ROS/ORB_SLAM2/build/CMakeFiles/CMakeTmp/CheckSymbolExists.c
Linking C executable cmTC_dbfcc
/usr/bin/cmake -E cmake_link_script CMakeFiles/cmTC_dbfcc.dir/link.txt --verbose=1
/usr/bin/cc      -rdynamic CMakeFiles/cmTC_dbfcc.dir/CheckSymbolExists.c.o  -o cmTC_dbfcc 
CMakeFiles/cmTC_dbfcc.dir/CheckSymbolExists.c.o: In function `main':
CheckSymbolExists.c:(.text+0x1b): undefined reference to `pthread_create'
collect2: error: ld returned 1 exit status
CMakeFiles/cmTC_dbfcc.dir/build.make:97: recipe for target 'cmTC_dbfcc' failed
make[1]: *** [cmTC_dbfcc] Error 1
make[1]: Leaving directory '/home/jinjing/catkin_ws/src/ORB_SLAM2/Examples/ROS/ORB_SLAM2/build/CMakeFiles/CMakeTmp'
Makefile:126: recipe for target 'cmTC_dbfcc/fast' failed
make: *** [cmTC_dbfcc/fast] Error 2

File /home/jinjing/catkin_ws/src/ORB_SLAM2/Examples/ROS/ORB_SLAM2/build/CMakeFiles/CMakeTmp/CheckSymbolExists.c:
/* */
#include <pthread.h>

int main(int argc, char** argv)
{
  (void)argv;
#ifndef pthread_create
  return ((int*)(&pthread_create))[argc];
#else
  (void)argc;
  return 0;
#endif
}

Determining if the function pthread_create exists in the pthreads failed with the following output:
Change Dir: /home/jinjing/catkin_ws/src/ORB_SLAM2/Examples/ROS/ORB_SLAM2/build/CMakeFiles/CMakeTmp

Run Build Command:"/usr/bin/make" "cmTC_d7e41/fast"
/usr/bin/make -f CMakeFiles/cmTC_d7e41.dir/build.make CMakeFiles/cmTC_d7e41.dir/build
make[1]: Entering directory '/home/jinjing/catkin_ws/src/ORB_SLAM2/Examples/ROS/ORB_SLAM2/build/CMakeFiles/CMakeTmp'
Building C object CMakeFiles/cmTC_d7e41.dir/CheckFunctionExists.c.o
/usr/bin/cc   -DCHECK_FUNCTION_EXISTS=pthread_create   -o CMakeFiles/cmTC_d7e41.dir/CheckFunctionExists.c.o   -c /usr/share/cmake-3.10/Modules/CheckFunctionExists.c
Linking C executable cmTC_d7e41
/usr/bin/cmake -E cmake_link_script CMakeFiles/cmTC_d7e41.dir/link.txt --verbose=1
/usr/bin/cc  -DCHECK_FUNCTION_EXISTS=pthread_create    -rdynamic CMakeFiles/cmTC_d7e41.dir/CheckFunctionExists.c.o  -o cmTC_d7e41 -lpthreads 
/usr/bin/ld: cannot find -lpthreads
collect2: error: ld returned 1 exit status
CMakeFiles/cmTC_d7e41.dir/build.make:97: recipe for target 'cmTC_d7e41' failed
make[1]: *** [cmTC_d7e41] Error 1
make[1]: Leaving directory '/home/jinjing/catkin_ws/src/ORB_SLAM2/Examples/ROS/ORB_SLAM2/build/CMakeFiles/CMakeTmp'
Makefile:126: recipe for target 'cmTC_d7e41/fast' failed
make: *** [cmTC_d7e41/fast] Error 2


